c:\users\perei\source\repos\niisg_app\niisg_app\debug\vc142.pdb
c:\users\perei\source\repos\niisg_app\niisg_app\debug\vc142.idb
c:\users\perei\source\repos\niisg_app\niisg_app\debug\set_point.obj
c:\users\perei\source\repos\niisg_app\niisg_app\debug\sensor_data.obj
c:\users\perei\source\repos\niisg_app\niisg_app\debug\sensorifaceconverter.obj
c:\users\perei\source\repos\niisg_app\niisg_app\debug\regulator.obj
c:\users\perei\source\repos\niisg_app\niisg_app\debug\pchvx.obj
c:\users\perei\source\repos\niisg_app\niisg_app\debug\omixd4.obj
c:\users\perei\source\repos\niisg_app\niisg_app\debug\niisg_app.obj
c:\users\perei\source\repos\niisg_app\niisg_app\debug\build_message_modbus.obj
c:\users\perei\source\repos\niisg_app\niisg_app\debug\slave.obj
c:\users\perei\source\repos\niisg_app\niisg_app\debug\mpregs.obj
c:\users\perei\source\repos\niisg_app\niisg_app\debug\mpcoils.obj
c:\users\perei\source\repos\niisg_app\niisg_app\debug\mbregs.obj
c:\users\perei\source\repos\niisg_app\niisg_app\debug\mbcoils.obj
c:\users\perei\source\repos\niisg_app\niisg_app\debug\master.obj
c:\users\perei\source\repos\niisg_app\niisg_app\debug\lightmodbus.obj
c:\users\perei\source\repos\niisg_app\debug\niisg_app.pdb
c:\users\perei\source\repos\niisg_app\niisg_app\debug\niisg_app.tlog\cl.command.1.tlog
c:\users\perei\source\repos\niisg_app\niisg_app\debug\niisg_app.tlog\cl.read.1.tlog
c:\users\perei\source\repos\niisg_app\niisg_app\debug\niisg_app.tlog\cl.write.1.tlog
c:\users\perei\source\repos\niisg_app\niisg_app\debug\niisg_app.tlog\link-cvtres.read.1.tlog
c:\users\perei\source\repos\niisg_app\niisg_app\debug\niisg_app.tlog\link-cvtres.write.1.tlog
c:\users\perei\source\repos\niisg_app\niisg_app\debug\niisg_app.tlog\link-rc.read.1.tlog
c:\users\perei\source\repos\niisg_app\niisg_app\debug\niisg_app.tlog\link-rc.write.1.tlog
c:\users\perei\source\repos\niisg_app\niisg_app\debug\niisg_app.tlog\link.command.1.tlog
c:\users\perei\source\repos\niisg_app\niisg_app\debug\niisg_app.tlog\link.read.1.tlog
c:\users\perei\source\repos\niisg_app\niisg_app\debug\niisg_app.tlog\link.write.1.tlog
